0 silly argv {
0 silly argv   _: [ 'run' ],
0 silly argv   lernaVersion: '4.0.0',
0 silly argv   '$0': '/Users/boxfox/Desktop/projects/neo-wallet-adapter/node_modules/.bin/lerna',
0 silly argv   script: 'build'
0 silly argv }
1 notice cli v4.0.0
2 verbose rootPath /Users/boxfox/Desktop/projects/neo-wallet-adapter
3 info versioning independent
4 error JSONError: Unexpected string in JSON at position 284 while parsing '{@perlin
	"name": "@rentfuse-labs/neo-wallet-a' in packages/wallets/o3/package.json
4 error
4 error [0m [90m  8 |[39m 	[32m"main"[39m[33m:[39m [32m"lib/index.js"[39m[33m,[39m[0m
4 error [0m [90m  9 |[39m 	[32m"module"[39m[33m:[39m [32m"lib/esm/index.js"[39m[0m
4 error [0m[31m[1m>[22m[39m[90m 10 |[39m 	[32m"esnext"[39m[33m:[39m [32m"lib/index.js"[39m[33m,[39m[0m
4 error [0m [90m    |[39m 	[31m[1m^[22m[39m[0m
4 error [0m [90m 11 |[39m 	[32m"types"[39m[33m:[39m [32m"lib/index.d.ts"[39m[33m,[39m[0m
4 error [0m [90m 12 |[39m 	[32m"exports"[39m[33m:[39m {[0m
4 error [0m [90m 13 |[39m 		[32m"."[39m[33m:[39m {[0m
4 error
4 error     at parseJson (/Users/boxfox/Desktop/projects/neo-wallet-adapter/node_modules/parse-json/index.js:29:21)
4 error     at parse (/Users/boxfox/Desktop/projects/neo-wallet-adapter/node_modules/load-json-file/index.js:15:9)
4 error     at module.exports (/Users/boxfox/Desktop/projects/neo-wallet-adapter/node_modules/load-json-file/index.js:18:47)
